<?xml version="1.0" encoding="UTF-8"?>
<!-- Generated by org.testng.reporters.JUnitReportReporter -->
<testsuite hostname="DESKTOP-FE71AP3" failures="0" tests="2" name="com.herokupp.internet.NegativeTests" time="36.811" errors="0" timestamp="2024-07-19T19:55:59 IST" skipped="0">
  <testcase classname="com.herokupp.internet.NegativeTests" name="nagativeLoginTest" time="17.895"/>
  <testcase classname="com.herokupp.internet.NegativeTests" name="nagativeLoginTest" time="18.916"/>
</testsuite> <!-- com.herokupp.internet.NegativeTests -->
