<?xml version="1.0" encoding="UTF-8"?>
<!-- Generated by org.testng.reporters.JUnitReportReporter -->
<testsuite hostname="DESKTOP-FE71AP3" failures="0" tests="4" name="com.herokupp.internet.LoginTests" time="85.455" errors="0" timestamp="2024-07-19T21:09:47 IST" skipped="0">
  <testcase classname="com.herokupp.internet.LoginTests" name="negativeLoginTest" time="18.525"/>
  <testcase classname="com.herokupp.internet.LoginTests" name="negativeLoginTest" time="21.447"/>
  <testcase classname="com.herokupp.internet.LoginTests" name="postiveLoginTest" time="23.107"/>
  <testcase classname="com.herokupp.internet.LoginTests" name="postiveLoginTest" time="22.376"/>
</testsuite> <!-- com.herokupp.internet.LoginTests -->
