<?xml version="1.0" encoding="UTF-8"?>
<!-- Generated by org.testng.reporters.JUnitReportReporter -->
<testsuite hostname="DESKTOP-FE71AP3" failures="0" tests="4" name="com.herokupp.internet.LoginTest.NegativeLogInTests" time="113.108" errors="0" timestamp="2024-07-24T22:22:42 IST" skipped="0">
  <testcase classname="com.herokupp.internet.LoginTest.NegativeLogInTests" name="negativeTest" time="28.143"/>
  <testcase classname="com.herokupp.internet.LoginTest.NegativeLogInTests" name="negativeTest" time="27.825"/>
  <testcase classname="com.herokupp.internet.LoginTest.NegativeLogInTests" name="negativeTest" time="27.798"/>
  <testcase classname="com.herokupp.internet.LoginTest.NegativeLogInTests" name="negativeTest" time="29.342"/>
</testsuite> <!-- com.herokupp.internet.LoginTest.NegativeLogInTests -->
