<?xml version="1.0" encoding="UTF-8"?>
<!-- Generated by org.testng.reporters.JUnitReportReporter -->
<testsuite hostname="DESKTOP-FE71AP3" failures="0" tests="1" name="com.herokupp.internet.PositiveTests" time="23.586" errors="0" timestamp="2024-07-19T18:58:35 IST" skipped="0">
  <testcase classname="com.herokupp.internet.PositiveTests" name="loginTest" time="23.586"/>
</testsuite> <!-- com.herokupp.internet.PositiveTests -->
